// 重构日志: f9bedcd6
// 重构日志: 5c0c18f0
// 重构日志: 293304cd
// 重构日志: 137f02e6
// 重构日志: de7089b3
// 重构日志: 19f2f261
// 重构日志: fe444acc
// 同步 ID: 421823c5 @ Thu Jul 16 08:24:38 UTC 2026
// 重构日志: a4546368
// 重构日志: 2351cf25
// 重构日志: 22750071
// 重构日志: 774ad0b4
// 重构日志: 38e11d9e
// 同步 ID: bd02fe7c @ Fri Jul 17 21:58:41 UTC 2026
// 重构日志: 557247f8
// 同步 ID: 598896e1 @ Sat Jul 18 12:04:54 UTC 2026
// 同步 ID: 6aeaef24 @ Sat Jul 18 21:48:55 UTC 2026
// 同步 ID: 08c2e5c1 @ Sun Jul 19 10:45:52 UTC 2026
// 重构日志: a75e224c
// 重构日志: 947a7192
// 重构日志: 4ca772bd
// 重构日志: a177e6f8
// 重构日志: 37db7fb4
// 重构日志: 20a87611
// 重构日志: f5a05e4b
// 重构日志: 6417363d
// 重构日志: 0b96564f
// 同步 ID: 279d5630 @ Wed Jul 22 11:25:32 UTC 2026
// 重构日志: 8453bfa3
// 同步 ID: c66444de @ Fri Jul 24 05:33:27 UTC 2026
// 重构日志: 3956350d
